{"level":"info","message":"POST /users 400 167 - 4.854 ms","timestamp":"2024-02-21T05:39:05.937Z"}
{"level":"info","message":"POST /register 500 21 - 1.459 ms","timestamp":"2024-02-21T05:49:32.526Z"}
{"level":"info","message":"POST /register 500 36 - 2.547 ms","timestamp":"2024-02-21T05:49:57.930Z"}
{"level":"info","message":"POST /register 500 113 - 711.074 ms","timestamp":"2024-02-21T05:51:11.887Z"}
{"level":"info","message":"POST /register 500 113 - 492.408 ms","timestamp":"2024-02-21T05:51:18.852Z"}
{"level":"error","message":"Error Custom: Unexpected token \" in JSON at position 0","timestamp":"2024-02-21T05:51:25.147Z"}
{"level":"info","message":"POST /register 500 113 - 492.267 ms","timestamp":"2024-02-21T05:51:41.468Z"}
{"level":"info","message":"POST /register 500 113 - 574.588 ms","timestamp":"2024-02-21T05:52:42.931Z"}
{"level":"info","message":"POST /register 201 28 - 503.544 ms","timestamp":"2024-02-21T05:52:51.539Z"}
{"level":"info","message":"GET /users 200 467 - 14.879 ms","timestamp":"2024-02-21T05:53:31.594Z"}
{"level":"info","message":"POST /login 500 18 - 517.507 ms","timestamp":"2024-02-21T05:54:27.646Z"}
{"level":"info","message":"POST /login 200 184 - 541.429 ms","timestamp":"2024-02-21T05:54:50.750Z"}
{"level":"info","message":"POST /login 401 21 - 3.370 ms","timestamp":"2024-02-21T05:55:07.035Z"}
{"level":"info","message":"POST /login 200 184 - 513.825 ms","timestamp":"2024-02-21T05:55:12.063Z"}
{"level":"info","message":"POST /login 401 21 - 517.091 ms","timestamp":"2024-02-21T05:55:17.528Z"}
{"level":"info","message":"POST /login 200 184 - 632.885 ms","timestamp":"2024-02-21T05:55:21.840Z"}
{"level":"info","message":"GET /permissions/ 401 - - 1.942 ms","timestamp":"2024-02-21T06:17:27.637Z"}
{"level":"info","message":"GET /permissions/ 401 - - 0.469 ms","timestamp":"2024-02-21T06:17:34.664Z"}
{"level":"info","message":"POST /login 200 184 - 1044.554 ms","timestamp":"2024-02-21T06:17:42.649Z"}
{"level":"info","message":"GET /permissions/ 401 - - 17.396 ms","timestamp":"2024-02-21T06:18:49.390Z"}
{"level":"info","message":"GET /permissions/ 401 - - 0.500 ms","timestamp":"2024-02-21T06:19:04.874Z"}
{"level":"info","message":"GET /permissions/ 401 - - 0.883 ms","timestamp":"2024-02-21T06:19:12.349Z"}
{"level":"info","message":"GET /permissions/ 200 1219 - 17.247 ms","timestamp":"2024-02-21T06:19:29.317Z"}
{"level":"info","message":"GET /permissions/ 401 - - 2.598 ms","timestamp":"2024-02-21T06:19:51.562Z"}
{"level":"info","message":"POST /login 200 184 - 1045.780 ms","timestamp":"2024-02-21T06:21:53.536Z"}
{"level":"info","message":"POST /login 200 184 - 1138.233 ms","timestamp":"2024-02-21T06:22:00.322Z"}
{"level":"info","message":"GET /permissions/ 401 - - 23.314 ms","timestamp":"2024-02-21T06:22:20.464Z"}
{"level":"info","message":"GET /permissions/ 401 - - 17.438 ms","timestamp":"2024-02-21T06:22:58.047Z"}
{"level":"info","message":"GET /permissions/ 401 - - 17.795 ms","timestamp":"2024-02-21T06:23:13.721Z"}
{"level":"info","message":"GET /permissions/ 401 - - 18.315 ms","timestamp":"2024-02-21T06:23:25.172Z"}
{"level":"info","message":"POST /login 200 183 - 1384.818 ms","timestamp":"2024-02-21T06:24:32.661Z"}
{"level":"info","message":"GET /permissions/ 304 - - 13.970 ms","timestamp":"2024-02-21T06:24:41.252Z"}
{"level":"info","message":"GET /permissions/ 401 - - 6.681 ms","timestamp":"2024-02-21T06:24:46.379Z"}
{"level":"info","message":"GET /permissions/ 304 - - 10.162 ms","timestamp":"2024-02-21T06:24:52.448Z"}
{"level":"info","message":"GET /permissions/ 304 - - 204.395 ms","timestamp":"2024-02-21T06:34:39.430Z"}
{"level":"info","message":"POST /register 201 28 - 483.512 ms","timestamp":"2024-02-22T04:36:23.027Z"}
{"level":"info","message":"POST /login 200 183 - 521.945 ms","timestamp":"2024-02-22T04:36:59.912Z"}
{"level":"info","message":"GET /permissions/ 401 - - 0.897 ms","timestamp":"2024-02-22T04:44:46.892Z"}
{"level":"info","message":"GET /permissions/ 304 - - 16.008 ms","timestamp":"2024-02-22T04:45:00.367Z"}
{"level":"info","message":"POST /register 404 148 - 1.938 ms","timestamp":"2024-02-22T04:53:32.087Z"}
{"level":"info","message":"POST /register 404 148 - 1.238 ms","timestamp":"2024-02-22T04:53:37.309Z"}
{"level":"info","message":"POST /register 404 148 - 4.412 ms","timestamp":"2024-02-22T04:53:41.389Z"}
{"error":"Illegal arguments: undefined, number","level":"error","message":"Error creating user","timestamp":"2024-02-22T04:54:07.539Z"}
{"level":"error","message":"Error Custom: Illegal arguments: undefined, number","timestamp":"2024-02-22T04:54:07.541Z"}
{"level":"info","message":"POST /register 500 48 - 3.625 ms","timestamp":"2024-02-22T04:54:07.542Z"}
{"level":"info","message":"POST /login 401 21 - 30.695 ms","timestamp":"2024-02-22T04:54:38.426Z"}
{"level":"info","message":"POST /login 401 21 - 5.389 ms","timestamp":"2024-02-22T04:54:57.158Z"}
{"error":"Illegal arguments: undefined, number","level":"error","message":"Error creating user","timestamp":"2024-02-22T04:55:00.258Z"}
{"level":"error","message":"Error Custom: Illegal arguments: undefined, number","timestamp":"2024-02-22T04:55:00.259Z"}
{"level":"info","message":"POST /register 500 48 - 3.189 ms","timestamp":"2024-02-22T04:55:00.261Z"}
{"error":"Illegal arguments: undefined, number","level":"error","message":"Error creating user","timestamp":"2024-02-22T04:55:32.350Z"}
{"level":"error","message":"Error Custom: Illegal arguments: undefined, number","timestamp":"2024-02-22T04:55:32.352Z"}
{"level":"info","message":"POST /register 500 48 - 9.074 ms","timestamp":"2024-02-22T04:55:32.353Z"}
{"level":"info","message":"User 65d6d411a919a289865a26d8 created","timestamp":"2024-02-22T04:56:49.695Z"}
{"level":"info","message":"POST /register 201 272 - 613.301 ms","timestamp":"2024-02-22T04:56:49.699Z"}
{"level":"info","message":"POST /login 401 21 - 8.100 ms","timestamp":"2024-02-22T04:57:06.933Z"}
{"level":"info","message":"POST /login 401 21 - 6.881 ms","timestamp":"2024-02-22T04:58:00.410Z"}
{"level":"info","message":"POST /login 401 21 - 6.875 ms","timestamp":"2024-02-22T04:58:21.880Z"}
{"error":"bcrypt is not defined","level":"error","message":"Error logging in","timestamp":"2024-02-22T04:59:04.419Z"}
{"level":"error","message":"Error Custom: bcrypt is not defined","timestamp":"2024-02-22T04:59:04.422Z"}
{"level":"info","message":"POST /login 500 33 - 14.190 ms","timestamp":"2024-02-22T04:59:04.424Z"}
{"error":"bcrypt is not defined","level":"error","message":"Error logging in","timestamp":"2024-02-22T04:59:44.769Z"}
{"level":"error","message":"Error Custom: bcrypt is not defined","timestamp":"2024-02-22T04:59:44.771Z"}
{"level":"info","message":"POST /login 500 33 - 10.327 ms","timestamp":"2024-02-22T04:59:44.772Z"}
{"error":"bcrypt is not defined","level":"error","message":"Error logging in","timestamp":"2024-02-22T05:00:30.843Z"}
{"level":"error","message":"Error Custom: bcrypt is not defined","timestamp":"2024-02-22T05:00:30.845Z"}
{"level":"info","message":"POST /login 500 33 - 9.838 ms","timestamp":"2024-02-22T05:00:30.846Z"}
{"error":"jwt is not defined","level":"error","message":"Error logging in","timestamp":"2024-02-22T05:00:38.191Z"}
{"level":"error","message":"Error Custom: jwt is not defined","timestamp":"2024-02-22T05:00:38.193Z"}
{"level":"info","message":"POST /login 500 30 - 503.979 ms","timestamp":"2024-02-22T05:00:38.195Z"}
{"level":"info","message":"POST /login 200 183 - 494.528 ms","timestamp":"2024-02-22T05:01:18.687Z"}
{"level":"info","message":"GET /permissions/ 304 - - 22.965 ms","timestamp":"2024-02-22T05:01:30.879Z"}
{"level":"info","message":"GET /permissions/ 304 - - 39.207 ms","timestamp":"2024-02-22T05:02:51.573Z"}
